<?xml version="1.0" encoding="UTF-8"?>
<testsuite name="com.preproject.preproject.PreprojectApplicationTests" tests="1" skipped="0" failures="0" errors="0" timestamp="2022-08-25T05:31:27" hostname="DESKTOP-QCJKP8G" time="0.238">
  <properties/>
  <testcase name="contextLoads()" classname="com.preproject.preproject.PreprojectApplicationTests" time="0.238"/>
  <system-out><![CDATA[14:31:23.192 [Test worker] DEBUG org.springframework.test.context.BootstrapUtils - Instantiating CacheAwareContextLoaderDelegate from class [org.springframework.test.context.cache.DefaultCacheAwareContextLoaderDelegate]
14:31:23.208 [Test worker] DEBUG org.springframework.test.context.BootstrapUtils - Instantiating BootstrapContext using constructor [public org.springframework.test.context.support.DefaultBootstrapContext(java.lang.Class,org.springframework.test.context.CacheAwareContextLoaderDelegate)]
14:31:23.244 [Test worker] DEBUG org.springframework.test.context.BootstrapUtils - Instantiating TestContextBootstrapper for test class [com.preproject.preproject.PreprojectApplicationTests] from class [org.springframework.boot.test.context.SpringBootTestContextBootstrapper]
14:31:23.260 [Test worker] INFO org.springframework.boot.test.context.SpringBootTestContextBootstrapper - Neither @ContextConfiguration nor @ContextHierarchy found for test class [com.preproject.preproject.PreprojectApplicationTests], using SpringBootContextLoader
14:31:23.265 [Test worker] DEBUG org.springframework.test.context.support.AbstractContextLoader - Did not detect default resource location for test class [com.preproject.preproject.PreprojectApplicationTests]: class path resource [com/preproject/preproject/PreprojectApplicationTests-context.xml] does not exist
14:31:23.266 [Test worker] DEBUG org.springframework.test.context.support.AbstractContextLoader - Did not detect default resource location for test class [com.preproject.preproject.PreprojectApplicationTests]: class path resource [com/preproject/preproject/PreprojectApplicationTestsContext.groovy] does not exist
14:31:23.267 [Test worker] INFO org.springframework.test.context.support.AbstractContextLoader - Could not detect default resource locations for test class [com.preproject.preproject.PreprojectApplicationTests]: no resource found for suffixes {-context.xml, Context.groovy}.
14:31:23.268 [Test worker] INFO org.springframework.test.context.support.AnnotationConfigContextLoaderUtils - Could not detect default configuration classes for test class [com.preproject.preproject.PreprojectApplicationTests]: PreprojectApplicationTests does not declare any static, non-private, non-final, nested classes annotated with @Configuration.
14:31:23.312 [Test worker] DEBUG org.springframework.test.context.support.ActiveProfilesUtils - Could not find an 'annotation declaring class' for annotation type [org.springframework.test.context.ActiveProfiles] and class [com.preproject.preproject.PreprojectApplicationTests]
14:31:23.389 [Test worker] DEBUG org.springframework.context.annotation.ClassPathScanningCandidateComponentProvider - Identified candidate component class: file [C:\Users\superym\Desktop\Pre-Project\seb39_pre_001\server\preproject\build\classes\java\main\com\preproject\preproject\PreprojectApplication.class]
14:31:23.391 [Test worker] INFO org.springframework.boot.test.context.SpringBootTestContextBootstrapper - Found @SpringBootConfiguration com.preproject.preproject.PreprojectApplication for test class com.preproject.preproject.PreprojectApplicationTests
14:31:23.590 [Test worker] DEBUG org.springframework.boot.test.context.SpringBootTestContextBootstrapper - @TestExecutionListeners is not present for class [com.preproject.preproject.PreprojectApplicationTests]: using defaults.
14:31:23.593 [Test worker] INFO org.springframework.boot.test.context.SpringBootTestContextBootstrapper - Loaded default TestExecutionListener class names from location [META-INF/spring.factories]: [org.springframework.boot.test.autoconfigure.restdocs.RestDocsTestExecutionListener, org.springframework.boot.test.autoconfigure.web.client.MockRestServiceServerResetTestExecutionListener, org.springframework.boot.test.autoconfigure.web.servlet.MockMvcPrintOnlyOnFailureTestExecutionListener, org.springframework.boot.test.autoconfigure.web.servlet.WebDriverTestExecutionListener, org.springframework.boot.test.autoconfigure.webservices.client.MockWebServiceServerTestExecutionListener, org.springframework.boot.test.mock.mockito.MockitoTestExecutionListener, org.springframework.boot.test.mock.mockito.ResetMocksTestExecutionListener, org.springframework.test.context.web.ServletTestExecutionListener, org.springframework.test.context.support.DirtiesContextBeforeModesTestExecutionListener, org.springframework.test.context.event.ApplicationEventsTestExecutionListener, org.springframework.test.context.support.DependencyInjectionTestExecutionListener, org.springframework.test.context.support.DirtiesContextTestExecutionListener, org.springframework.test.context.transaction.TransactionalTestExecutionListener, org.springframework.test.context.jdbc.SqlScriptsTestExecutionListener, org.springframework.test.context.event.EventPublishingTestExecutionListener]
14:31:23.627 [Test worker] INFO org.springframework.boot.test.context.SpringBootTestContextBootstrapper - Using TestExecutionListeners: [org.springframework.test.context.web.ServletTestExecutionListener@238b521e, org.springframework.test.context.support.DirtiesContextBeforeModesTestExecutionListener@1b39fd82, org.springframework.test.context.event.ApplicationEventsTestExecutionListener@3e2fc448, org.springframework.boot.test.mock.mockito.MockitoTestExecutionListener@21680803, org.springframework.boot.test.autoconfigure.SpringBootDependencyInjectionTestExecutionListener@588ab592, org.springframework.test.context.support.DirtiesContextTestExecutionListener@c8b96ec, org.springframework.test.context.transaction.TransactionalTestExecutionListener@4cc61eb1, org.springframework.test.context.jdbc.SqlScriptsTestExecutionListener@2d8f2f3a, org.springframework.test.context.event.EventPublishingTestExecutionListener@2024293c, org.springframework.boot.test.autoconfigure.restdocs.RestDocsTestExecutionListener@7048f722, org.springframework.boot.test.autoconfigure.web.client.MockRestServiceServerResetTestExecutionListener@c074c0c, org.springframework.boot.test.autoconfigure.web.servlet.MockMvcPrintOnlyOnFailureTestExecutionListener@58a55449, org.springframework.boot.test.autoconfigure.web.servlet.WebDriverTestExecutionListener@5949eba8, org.springframework.boot.test.autoconfigure.webservices.client.MockWebServiceServerTestExecutionListener@6e0ff644, org.springframework.boot.test.mock.mockito.ResetMocksTestExecutionListener@58dea0a5]
14:31:23.637 [Test worker] DEBUG org.springframework.test.context.support.AbstractDirtiesContextTestExecutionListener - Before test class: context [DefaultTestContext@3a7b503d testClass = PreprojectApplicationTests, testInstance = [null], testMethod = [null], testException = [null], mergedContextConfiguration = [WebMergedContextConfiguration@512d92b testClass = PreprojectApplicationTests, locations = '{}', classes = '{class com.preproject.preproject.PreprojectApplication}', contextInitializerClasses = '[]', activeProfiles = '{}', propertySourceLocations = '{}', propertySourceProperties = '{org.springframework.boot.test.context.SpringBootTestContextBootstrapper=true}', contextCustomizers = set[org.springframework.boot.test.autoconfigure.actuate.metrics.MetricsExportContextCustomizerFactory$DisableMetricExportContextCustomizer@40cb698e, org.springframework.boot.test.autoconfigure.properties.PropertyMappingContextCustomizer@0, org.springframework.boot.test.autoconfigure.web.servlet.WebDriverContextCustomizerFactory$Customizer@2262b621, org.springframework.boot.test.context.filter.ExcludeFilterContextCustomizer@25e2a451, org.springframework.boot.test.json.DuplicateJsonObjectContextCustomizerFactory$DuplicateJsonObjectContextCustomizer@63b1d4fa, org.springframework.boot.test.mock.mockito.MockitoContextCustomizer@0, org.springframework.boot.test.web.client.TestRestTemplateContextCustomizer@24b6b8f6, org.springframework.boot.test.context.SpringBootTestArgs@1, org.springframework.boot.test.context.SpringBootTestWebEnvironment@19b843ba], resourceBasePath = 'src/main/webapp', contextLoader = 'org.springframework.boot.test.context.SpringBootContextLoader', parent = [null]], attributes = map['org.springframework.test.context.web.ServletTestExecutionListener.activateListener' -> true]], class annotated with @DirtiesContext [false] with mode [null].

  .   ____          _            __ _ _
 /\\ / ___'_ __ _ _(_)_ __  __ _ \ \ \ \
( ( )\___ | '_ | '_| | '_ \/ _` | \ \ \ \
 \\/  ___)| |_)| | | | | || (_| |  ) ) ) )
  '  |____| .__|_| |_|_| |_\__, | / / / /
 =========|_|==============|___/=/_/_/_/
 :: Spring Boot ::                (v2.7.3)

2022-08-25 14:31:24.232  INFO 27340 --- [    Test worker] c.p.p.PreprojectApplicationTests         : Starting PreprojectApplicationTests using Java 11.0.15 on DESKTOP-QCJKP8G with PID 27340 (started by 최영민 in C:\Users\superym\Desktop\Pre-Project\seb39_pre_001\server\preproject)
2022-08-25 14:31:24.237  INFO 27340 --- [    Test worker] c.p.p.PreprojectApplicationTests         : No active profile set, falling back to 1 default profile: "default"
2022-08-25 14:31:25.043  INFO 27340 --- [    Test worker] .s.d.r.c.RepositoryConfigurationDelegate : Bootstrapping Spring Data JPA repositories in DEFAULT mode.
2022-08-25 14:31:25.055  INFO 27340 --- [    Test worker] .s.d.r.c.RepositoryConfigurationDelegate : Finished Spring Data repository scanning in 5 ms. Found 0 JPA repository interfaces.
2022-08-25 14:31:25.692  INFO 27340 --- [    Test worker] com.zaxxer.hikari.HikariDataSource       : HikariPool-1 - Starting...
2022-08-25 14:31:26.011  INFO 27340 --- [    Test worker] com.zaxxer.hikari.HikariDataSource       : HikariPool-1 - Start completed.
2022-08-25 14:31:26.107  INFO 27340 --- [    Test worker] o.hibernate.jpa.internal.util.LogHelper  : HHH000204: Processing PersistenceUnitInfo [name: default]
2022-08-25 14:31:26.174  INFO 27340 --- [    Test worker] org.hibernate.Version                    : HHH000412: Hibernate ORM core version 5.6.10.Final
2022-08-25 14:31:26.384  INFO 27340 --- [    Test worker] o.hibernate.annotations.common.Version   : HCANN000001: Hibernate Commons Annotations {5.1.2.Final}
2022-08-25 14:31:26.553  INFO 27340 --- [    Test worker] org.hibernate.dialect.Dialect            : HHH000400: Using dialect: org.hibernate.dialect.H2Dialect
2022-08-25 14:31:26.795  INFO 27340 --- [    Test worker] o.h.e.t.j.p.i.JtaPlatformInitiator       : HHH000490: Using JtaPlatform implementation: [org.hibernate.engine.transaction.jta.platform.internal.NoJtaPlatform]
2022-08-25 14:31:26.810  INFO 27340 --- [    Test worker] j.LocalContainerEntityManagerFactoryBean : Initialized JPA EntityManagerFactory for persistence unit 'default'
2022-08-25 14:31:27.114  WARN 27340 --- [    Test worker] JpaBaseConfiguration$JpaWebConfiguration : spring.jpa.open-in-view is enabled by default. Therefore, database queries may be performed during view rendering. Explicitly configure spring.jpa.open-in-view to disable this warning
2022-08-25 14:31:27.748  INFO 27340 --- [    Test worker] c.p.p.PreprojectApplicationTests         : Started PreprojectApplicationTests in 4.054 seconds (JVM running for 5.542)
]]></system-out>
  <system-err><![CDATA[]]></system-err>
</testsuite>
